# JRE version: OpenJDK Runtime Environment (17.0.11) (build 17.0.11+0--11852314)
# Java VM: OpenJDK 64-Bit Server VM (17.0.11+0--11852314, mixed mode, tiered, compressed oops, compressed class ptrs, g1 gc, windows-amd64)
GC Precious Log:
 CPUs: 16 total, 16 available
 Memory: 7913M
 Large Page Support: Disabled
 NUMA Support: Disabled
 Compressed Oops: Enabled (Zero based)
 Heap Region Size: 4M
 Heap Min Capacity: 8M
 Heap Initial Capacity: 124M
 Heap Max Capacity: 5048M
 Pre-touch: Disabled
 Parallel Workers: 13
 Concurrent Workers: 3
 Concurrent Refinement Workers: 13
 Periodic GC: Disabled
Heap:
 garbage-first heap   total 1019904K, used 240031K [0x00000006c4800000, 0x0000000800000000)
  region size 4096K, 3 young (12288K), 3 survivors (12288K)
 Metaspace       used 162396K, committed 163584K, reserved 1245184K
  class space    used 22953K, committed 23552K, reserved 1048576K
GC Heap History (20 events):
Event: 192.583 GC heap after
{Heap after GC invocations=55 (full 0):
 garbage-first heap   total 339968K, used 182059K [0x00000006c4800000, 0x0000000800000000)
  region size 4096K, 4 young (16384K), 4 survivors (16384K)
 Metaspace       used 140552K, committed 141632K, reserved 1179648K
  class space    used 19085K, committed 19584K, reserved 1048576K
}
Event: 193.133 GC heap before
{Heap before GC invocations=55 (full 0):
 garbage-first heap   total 339968K, used 268075K [0x00000006c4800000, 0x0000000800000000)
  region size 4096K, 25 young (102400K), 4 survivors (16384K)
 Metaspace       used 149391K, committed 150528K, reserved 1179648K
  class space    used 20946K, committed 21504K, reserved 1048576K
}
Event: 193.221 GC heap after
{Heap after GC invocations=56 (full 0):
 garbage-first heap   total 835584K, used 188158K [0x00000006c4800000, 0x0000000800000000)
  region size 4096K, 2 young (8192K), 2 survivors (8192K)
 Metaspace       used 149391K, committed 150528K, reserved 1179648K
  class space    used 20946K, committed 21504K, reserved 1048576K
}
Event: 197.758 GC heap before
{Heap before GC invocations=56 (full 0):
 garbage-first heap   total 835584K, used 757502K [0x00000006c4800000, 0x0000000800000000)
  region size 4096K, 99 young (405504K), 2 survivors (8192K)
 Metaspace       used 161015K, committed 162240K, reserved 1245184K
  class space    used 22869K, committed 23424K, reserved 1048576K
}
Event: 197.803 GC heap after
{Heap after GC invocations=57 (full 0):
 garbage-first heap   total 835584K, used 372219K [0x00000006c4800000, 0x0000000800000000)
  region size 4096K, 3 young (12288K), 3 survivors (12288K)
 Metaspace       used 161015K, committed 162240K, reserved 1245184K
  class space    used 22869K, committed 23424K, reserved 1048576K
}
Event: 203.914 GC heap before
{Heap before GC invocations=58 (full 0):
 garbage-first heap   total 937984K, used 896507K [0x00000006c4800000, 0x0000000800000000)
  region size 4096K, 80 young (327680K), 3 survivors (12288K)
 Metaspace       used 161126K, committed 162304K, reserved 1245184K
  class space    used 22892K, committed 23424K, reserved 1048576K
}
Event: 203.937 GC heap after
{Heap after GC invocations=59 (full 0):
 garbage-first heap   total 954368K, used 228637K [0x00000006c4800000, 0x0000000800000000)
  region size 4096K, 11 young (45056K), 11 survivors (45056K)
 Metaspace       used 161126K, committed 162304K, reserved 1245184K
  class space    used 22892K, committed 23424K, reserved 1048576K
}
Event: 203.943 GC heap before
{Heap before GC invocations=59 (full 0):
 garbage-first heap   total 954368K, used 228637K [0x00000006c4800000, 0x0000000800000000)
  region size 4096K, 12 young (49152K), 11 survivors (45056K)
 Metaspace       used 161126K, committed 162304K, reserved 1245184K
  class space    used 22892K, committed 23424K, reserved 1048576K
}
Event: 203.962 GC heap after
{Heap after GC invocations=60 (full 0):
 garbage-first heap   total 954368K, used 211967K [0x00000006c4800000, 0x0000000800000000)
  region size 4096K, 1 young (4096K), 1 survivors (4096K)
 Metaspace       used 161126K, committed 162304K, reserved 1245184K
  class space    used 22892K, committed 23424K, reserved 1048576K
}
Event: 681.501 GC heap before
{Heap before GC invocations=60 (full 0):
 garbage-first heap   total 954368K, used 769023K [0x00000006c4800000, 0x0000000800000000)
  region size 4096K, 138 young (565248K), 1 survivors (4096K)
 Metaspace       used 161582K, committed 162880K, reserved 1245184K
  class space    used 22959K, committed 23552K, reserved 1048576K
}
Event: 681.582 GC heap after
{Heap after GC invocations=61 (full 0):
 garbage-first heap   total 954368K, used 213844K [0x00000006c4800000, 0x0000000800000000)
  region size 4096K, 2 young (8192K), 2 survivors (8192K)
 Metaspace       used 161582K, committed 162880K, reserved 1245184K
  class space    used 22959K, committed 23552K, reserved 1048576K
}
Event: 705.598 GC heap before
{Heap before GC invocations=61 (full 0):
 garbage-first heap   total 954368K, used 467796K [0x00000006c4800000, 0x0000000800000000)
  region size 4096K, 50 young (204800K), 2 survivors (8192K)
 Metaspace       used 162171K, committed 163456K, reserved 1245184K
  class space    used 22988K, committed 23552K, reserved 1048576K
}
Event: 705.757 GC heap after
{Heap after GC invocations=62 (full 0):
 garbage-first heap   total 954368K, used 293504K [0x00000006c4800000, 0x0000000800000000)
  region size 4096K, 5 young (20480K), 5 survivors (20480K)
 Metaspace       used 162171K, committed 163456K, reserved 1245184K
  class space    used 22988K, committed 23552K, reserved 1048576K
}
Event: 706.215 GC heap before
{Heap before GC invocations=62 (full 0):
 garbage-first heap   total 954368K, used 436864K [0x00000006c4800000, 0x0000000800000000)
  region size 4096K, 7 young (28672K), 5 survivors (20480K)
 Metaspace       used 162171K, committed 163456K, reserved 1245184K
  class space    used 22988K, committed 23552K, reserved 1048576K
}
Event: 706.227 GC heap after
{Heap after GC invocations=63 (full 0):
 garbage-first heap   total 954368K, used 432448K [0x00000006c4800000, 0x0000000800000000)
  region size 4096K, 5 young (20480K), 5 survivors (20480K)
 Metaspace       used 162171K, committed 163456K, reserved 1245184K
  class space    used 22988K, committed 23552K, reserved 1048576K
}
Event: 710.141 GC heap before
{Heap before GC invocations=64 (full 0):
 garbage-first heap   total 1011712K, used 956736K [0x00000006c4800000, 0x0000000800000000)
  region size 4096K, 89 young (364544K), 5 survivors (20480K)
 Metaspace       used 162007K, committed 163456K, reserved 1245184K
  class space    used 22938K, committed 23552K, reserved 1048576K
}
Event: 710.194 GC heap after
{Heap after GC invocations=65 (full 0):
 garbage-first heap   total 1019904K, used 261251K [0x00000006c4800000, 0x0000000800000000)
  region size 4096K, 12 young (49152K), 12 survivors (49152K)
 Metaspace       used 162007K, committed 163456K, reserved 1245184K
  class space    used 22938K, committed 23552K, reserved 1048576K
}
Event: 710.203 GC heap before
{Heap before GC invocations=65 (full 0):
 garbage-first heap   total 1019904K, used 261251K [0x00000006c4800000, 0x0000000800000000)
  region size 4096K, 13 young (53248K), 12 survivors (49152K)
 Metaspace       used 162007K, committed 163456K, reserved 1245184K
  class space    used 22938K, committed 23552K, reserved 1048576K
}
Event: 710.228 GC heap after
{Heap after GC invocations=66 (full 0):
 garbage-first heap   total 1019904K, used 233265K [0x00000006c4800000, 0x0000000800000000)
  region size 4096K, 1 young (4096K), 1 survivors (4096K)
 Metaspace       used 162007K, committed 163456K, reserved 1245184K
  class space    used 22938K, committed 23552K, reserved 1048576K
}
Event: 1317.997 GC heap before
{Heap before GC invocations=66 (full 0):
 garbage-first heap   total 1019904K, used 818993K [0x00000006c4800000, 0x0000000800000000)
  region size 4096K, 145 young (593920K), 1 survivors (4096K)
 Metaspace       used 162396K, committed 163584K, reserved 1245184K
  class space    used 22953K, committed 23552K, reserved 1048576K
}

