# JRE version: OpenJDK Runtime Environment (17.0.11) (build 17.0.11+0--11852314)
# Java VM: OpenJDK 64-Bit Server VM (17.0.11+0--11852314, mixed mode, tiered, compressed oops, compressed class ptrs, g1 gc, windows-amd64)
GC Precious Log:
 CPUs: 16 total, 16 available
 Memory: 7913M
 Large Page Support: Disabled
 NUMA Support: Disabled
 Compressed Oops: Enabled (Zero based)
 Heap Region Size: 4M
 Heap Min Capacity: 8M
 Heap Initial Capacity: 124M
 Heap Max Capacity: 5048M
 Pre-touch: Disabled
 Parallel Workers: 13
 Concurrent Workers: 3
 Concurrent Refinement Workers: 13
 Periodic GC: Disabled
Heap:
 garbage-first heap   total 704512K, used 353280K [0x00000006c4800000, 0x0000000800000000)
  region size 4096K, 4 young (16384K), 4 survivors (16384K)
 Metaspace       used 137444K, committed 138496K, reserved 1179648K
  class space    used 19558K, committed 20096K, reserved 1048576K
GC Heap History (20 events):
Event: 26.272 GC heap after
{Heap after GC invocations=39 (full 0):
 garbage-first heap   total 352256K, used 171008K [0x00000006c4800000, 0x0000000800000000)
  region size 4096K, 5 young (20480K), 5 survivors (20480K)
 Metaspace       used 134583K, committed 135616K, reserved 1179648K
  class space    used 19329K, committed 19840K, reserved 1048576K
}
Event: 26.347 GC heap before
{Heap before GC invocations=39 (full 0):
 garbage-first heap   total 352256K, used 265216K [0x00000006c4800000, 0x0000000800000000)
  region size 4096K, 29 young (118784K), 5 survivors (20480K)
 Metaspace       used 134583K, committed 135616K, reserved 1179648K
  class space    used 19329K, committed 19840K, reserved 1048576K
}
Event: 26.360 GC heap after
{Heap after GC invocations=40 (full 0):
 garbage-first heap   total 352256K, used 194577K [0x00000006c4800000, 0x0000000800000000)
  region size 4096K, 4 young (16384K), 4 survivors (16384K)
 Metaspace       used 134583K, committed 135616K, reserved 1179648K
  class space    used 19329K, committed 19840K, reserved 1048576K
}
Event: 26.410 GC heap before
{Heap before GC invocations=40 (full 0):
 garbage-first heap   total 352256K, used 251921K [0x00000006c4800000, 0x0000000800000000)
  region size 4096K, 19 young (77824K), 4 survivors (16384K)
 Metaspace       used 134583K, committed 135616K, reserved 1179648K
  class space    used 19329K, committed 19840K, reserved 1048576K
}
Event: 26.421 GC heap after
{Heap after GC invocations=41 (full 0):
 garbage-first heap   total 352256K, used 218112K [0x00000006c4800000, 0x0000000800000000)
  region size 4096K, 3 young (12288K), 3 survivors (12288K)
 Metaspace       used 134583K, committed 135616K, reserved 1179648K
  class space    used 19329K, committed 19840K, reserved 1048576K
}
Event: 26.469 GC heap before
{Heap before GC invocations=41 (full 0):
 garbage-first heap   total 352256K, used 250880K [0x00000006c4800000, 0x0000000800000000)
  region size 4096K, 12 young (49152K), 3 survivors (12288K)
 Metaspace       used 134583K, committed 135616K, reserved 1179648K
  class space    used 19329K, committed 19840K, reserved 1048576K
}
Event: 26.478 GC heap after
{Heap after GC invocations=42 (full 0):
 garbage-first heap   total 704512K, used 240640K [0x00000006c4800000, 0x0000000800000000)
  region size 4096K, 2 young (8192K), 2 survivors (8192K)
 Metaspace       used 134583K, committed 135616K, reserved 1179648K
  class space    used 19329K, committed 19840K, reserved 1048576K
}
Event: 27.126 GC heap before
{Heap before GC invocations=43 (full 0):
 garbage-first heap   total 704512K, used 539648K [0x00000006c4800000, 0x0000000800000000)
  region size 4096K, 79 young (323584K), 2 survivors (8192K)
 Metaspace       used 134464K, committed 135616K, reserved 1179648K
  class space    used 19294K, committed 19840K, reserved 1048576K
}
Event: 27.173 GC heap after
{Heap after GC invocations=44 (full 0):
 garbage-first heap   total 704512K, used 258048K [0x00000006c4800000, 0x0000000800000000)
  region size 4096K, 10 young (40960K), 10 survivors (40960K)
 Metaspace       used 134464K, committed 135616K, reserved 1179648K
  class space    used 19294K, committed 19840K, reserved 1048576K
}
Event: 27.176 GC heap before
{Heap before GC invocations=44 (full 0):
 garbage-first heap   total 704512K, used 258048K [0x00000006c4800000, 0x0000000800000000)
  region size 4096K, 11 young (45056K), 10 survivors (40960K)
 Metaspace       used 134464K, committed 135616K, reserved 1179648K
  class space    used 19294K, committed 19840K, reserved 1048576K
}
Event: 27.191 GC heap after
{Heap after GC invocations=45 (full 0):
 garbage-first heap   total 704512K, used 254980K [0x00000006c4800000, 0x0000000800000000)
  region size 4096K, 1 young (4096K), 1 survivors (4096K)
 Metaspace       used 134464K, committed 135616K, reserved 1179648K
  class space    used 19294K, committed 19840K, reserved 1048576K
}
Event: 212.571 GC heap before
{Heap before GC invocations=45 (full 0):
 garbage-first heap   total 704512K, used 545796K [0x00000006c4800000, 0x0000000800000000)
  region size 4096K, 73 young (299008K), 1 survivors (4096K)
 Metaspace       used 135524K, committed 136512K, reserved 1179648K
  class space    used 19474K, committed 19904K, reserved 1048576K
}
Event: 212.719 GC heap after
{Heap after GC invocations=46 (full 0):
 garbage-first heap   total 704512K, used 257087K [0x00000006c4800000, 0x0000000800000000)
  region size 4096K, 2 young (8192K), 2 survivors (8192K)
 Metaspace       used 135524K, committed 136512K, reserved 1179648K
  class space    used 19474K, committed 19904K, reserved 1048576K
}
Event: 760.367 GC heap before
{Heap before GC invocations=46 (full 0):
 garbage-first heap   total 704512K, used 560191K [0x00000006c4800000, 0x0000000800000000)
  region size 4096K, 77 young (315392K), 2 survivors (8192K)
 Metaspace       used 136927K, committed 137984K, reserved 1179648K
  class space    used 19554K, committed 20096K, reserved 1048576K
}
Event: 760.545 GC heap after
{Heap after GC invocations=47 (full 0):
 garbage-first heap   total 704512K, used 267315K [0x00000006c4800000, 0x0000000800000000)
  region size 4096K, 4 young (16384K), 4 survivors (16384K)
 Metaspace       used 136927K, committed 137984K, reserved 1179648K
  class space    used 19554K, committed 20096K, reserved 1048576K
}
Event: 763.217 GC heap before
{Heap before GC invocations=47 (full 0):
 garbage-first heap   total 704512K, used 427059K [0x00000006c4800000, 0x0000000800000000)
  region size 4096K, 44 young (180224K), 4 survivors (16384K)
 Metaspace       used 137444K, committed 138496K, reserved 1179648K
  class space    used 19558K, committed 20096K, reserved 1048576K
}
Event: 763.324 GC heap after
{Heap after GC invocations=48 (full 0):
 garbage-first heap   total 704512K, used 306625K [0x00000006c4800000, 0x0000000800000000)
  region size 4096K, 6 young (24576K), 6 survivors (24576K)
 Metaspace       used 137444K, committed 138496K, reserved 1179648K
  class space    used 19558K, committed 20096K, reserved 1048576K
}
Event: 763.369 GC heap before
{Heap before GC invocations=48 (full 0):
 garbage-first heap   total 704512K, used 339393K [0x00000006c4800000, 0x0000000800000000)
  region size 4096K, 15 young (61440K), 6 survivors (24576K)
 Metaspace       used 137444K, committed 138496K, reserved 1179648K
  class space    used 19558K, committed 20096K, reserved 1048576K
}
Event: 763.400 GC heap after
{Heap after GC invocations=49 (full 0):
 garbage-first heap   total 704512K, used 321536K [0x00000006c4800000, 0x0000000800000000)
  region size 4096K, 2 young (8192K), 2 survivors (8192K)
 Metaspace       used 137444K, committed 138496K, reserved 1179648K
  class space    used 19558K, committed 20096K, reserved 1048576K
}
Event: 763.568 GC heap before
{Heap before GC invocations=49 (full 0):
 garbage-first heap   total 704512K, used 415744K [0x00000006c4800000, 0x0000000800000000)
  region size 4096K, 26 young (106496K), 2 survivors (8192K)
 Metaspace       used 137444K, committed 138496K, reserved 1179648K
  class space    used 19558K, committed 20096K, reserved 1048576K
}

